=~=~=~=~=~=~=~=~=~=~=~= PuTTY log 2022.12.05 19:00:24 =~=~=~=~=~=~=~=~=~=~=~=
0.00  -18.32 
2.00  -12.01 
4.10  -9.91 
7.10  -5.70 
9.20  -3.18 
12.20  -4.86 
14.30  -1.92 
17.30  -2.76 
19.40  1.45 
21.40  1.87 
24.50  1.45 
26.50  1.45 
29.60  2.71 
31.60  1.87 
33.70  2.29 
36.80  3.55 
38.80  3.13 
40.80  4.39 
42.90  3.97 
45.90  3.13 
48.00  6.08 
50.00  4.39 
52.10  6.08 
54.10  6.92 
56.20  6.92 
58.20  5.66 
60.20  8.18 
62.30  5.66 
64.30  7.76 
66.40  8.60 
68.40  8.18 
70.50  9.44 
71.50  5.66 
73.50  8.18 
75.60  9.44 
76.60  2.71 
78.60  9.86 
80.70  7.76 
81.70  11.54 
82.70  10.70 
84.80  11.97 
85.80  11.54 
86.80  8.18 
88.90  11.12 
89.90  9.44 
90.90  11.97 
91.90  11.97 
92.90  7.76 
94.00  11.12 
95.00  7.76 
96.00  12.39 
97.00  11.12 
97.00  7.34 
98.00  8.18 
99.10  12.81 
99.10  14.07 
100.10  8.18 
100.10  8.60 
100.10  10.70 
101.10  9.86 
101.10  12.81 
101.10  8.60 
101.10  10.28 
101.10  14.91 
101.10  11.54 
101.10  9.44 
101.10  14.49 
101.10  9.02 
101.10  8.60 
101.10  14.49 
100.10  11.12 
100.10  14.49 
99.10  9.44 
99.10  14.49 
98.00  14.91 
98.00  14.91 
97.00  14.49 
96.00  11.12 
95.00  14.49 
95.00  13.65 
94.00  14.49 
92.90  13.65 
91.90  8.18 
90.90  7.76 
88.90  9.86 
87.80  16.17 
86.80  7.76 
85.80  11.12 
83.70  12.39 
82.70  8.60 
80.70  7.76 
79.70  10.70 
77.60  8.18 
76.60  9.02 
74.60  12.81 
72.50  8.60 
71.50  9.02 
69.40  9.02 
67.40  11.97 
65.40  9.44 
63.30  7.76 
61.30  6.92 
59.20  7.76 
57.20  9.44 
55.10  9.02 
53.10  7.76 
51.10  10.28 
49.00  7.76 
47.00  6.50 
44.90  7.34 
41.90  7.76 
39.80  6.92 
37.80  1.45 
35.70  6.92 
32.70  7.76 
30.60  6.50 
28.60  5.66 
25.50  5.24 
23.50  5.66 
20.40  0.19 
18.40  8.60 
16.30  3.97 
13.30  2.29 
11.20  4.39 
8.10  3.97 
6.10  1.45 
3.00  3.13 
1.00  1.87 
-2.10  1.87 
-4.10  1.87 
-6.20  1.87 
-9.20  3.13 
-11.30  3.13 
-14.30  1.87 
-16.40  1.03 
-19.40  -1.07 
-21.50  0.61 
-24.50  1.45 
-26.60  -0.23 
-28.60  -5.70 
-31.70  -3.60 
-33.70  1.45 
-35.80  -0.23 
-38.80  -1.07 
-40.90  -3.60 
-42.90  -4.44 
-45.00  -5.28 
-48.00  6.08 
-50.10  -5.70 
-52.10  1.03 
-54.20  -4.02 
-56.20  -3.60 
-58.30  -5.28 
-60.30  -7.38 
-62.30  -8.65 
-64.40  -8.65 
-66.40  -0.65 
-68.50  -5.28 
-70.50  -6.96 
-71.50  -6.12 
-73.60  -8.23 
-75.60  -8.65 
-76.60  -5.70 
-78.70  -3.60 
-80.70  -4.86 
-81.70  -11.59 
-83.80  -4.86 
-84.80  -4.44 
-85.80  -8.65 
-87.90  -7.38 
-88.90  -8.23 
-89.90  -11.17 
-90.90  -9.49 
-92.00  -8.65 
-94.00  -7.38 
-95.00  -12.43 
-95.00  -12.85 
-96.10  -6.54 
-97.10  -7.80 
-98.10  -7.38 
-99.10  -11.17 
-99.10  -8.65 
-100.10  -12.01 
-100.10  -6.54 
-101.20  -12.85 
-101.20  -12.85 
-102.20  -6.96 
-102.20  -8.65 
-102.20  -11.59 
-102.20  -12.43 
-102.20  -12.85 
-102.20  -12.01 
-102.20  -9.07 
-102.20  -14.53 
-102.20  -12.01 
-102.20  -11.17 
-102.20  -11.17 
-102.20  -7.38 
-101.20  -8.23 
-101.20  -7.80 
-100.10  -12.85 
-100.10  -11.17 
-99.10  -9.07 
-98.10  -8.65 
-98.10  -11.17 
-97.10  -13.27 
-96.10  -12.01 
-95.00  -11.17 
-94.00  -7.80 
-93.00  -7.80 
-92.00  -12.43 
-90.90  -9.49 
-89.90  -8.23 
-88.90  -9.49 
-86.90  -6.96 
-85.80  -9.07 
-84.80  -6.54 
-82.80  -8.23 
-81.70  -12.01 
-79.70  -6.12 
-78.70  -8.65 
-76.60  -6.12 
-74.60  -7.80 
-73.60  -5.28 
-71.50  -12.43 
-69.50  -11.17 
-67.40  -4.02 
-65.40  -6.12 
-63.40  -10.75 
-61.30  6.08 
-60.30  -9.07 
-57.20  -6.96 
-55.20  -3.60 
-53.10  -4.86 
-51.10  -9.49 
-49.10  -8.23 
-47.00  -6.96 
-45.00  -2.34 
-41.90  -7.38 
-39.90  -4.02 
-37.80  -5.28 
-35.80  -1.92 
-32.70  -6.12 
-30.70  -2.34 
-28.60  -1.49 
-25.60  -6.54 
-23.50  -2.34 
-20.50  -1.49 
-18.40  -2.76 
-16.40  0.19 
-13.30  -1.92 
-11.30  -2.34 
-8.20  -0.23 
-6.20  -2.34 
-3.10  -3.18 
-1.00  6.92 
